<?xml version="1.0" encoding="UTF-8"?>
<TestRun id="d1b29419-b3ee-493e-b6d1-32643a34488a" name="Alkazar@MYCOMPUTER 2012-03-28 17:06:49" runUser="MYCOMPUTER\Alkazar" xmlns="http://microsoft.com/schemas/VisualStudio/TeamTest/2010">
  <TestSettings name="Локальные" id="3e161229-29d7-4c86-b21b-606fedb78d38">
    <Description>Это - параметры по умолчанию для локального тестового запуска.</Description>
    <Deployment enabled="false" runDeploymentRoot="Alkazar_MYCOMPUTER 2012-03-28 17_06_49" />
    <Execution>
      <TestTypeSpecific />
      <AgentRule name="Execution Agents">
      </AgentRule>
    </Execution>
  </TestSettings>
  <Times creation="2012-03-28T17:06:49.3750000+03:00" queuing="2012-03-28T17:06:49.4218750+03:00" start="2012-03-28T17:06:49.4687500+03:00" finish="2012-03-28T17:07:42.9218750+03:00" />
  <ResultSummary outcome="Aborted">
    <Counters total="1" executed="1" error="0" failed="0" timeout="0" aborted="1" inconclusive="0" passedButRunAborted="0" notRunnable="0" notExecuted="0" disconnected="0" warning="0" passed="0" completed="0" inProgress="0" pending="0" />
  </ResultSummary>
  <TestDefinitions>
    <UnitTest name="CodedUITestMethod1" storage="c:\documents and settings\alkazar\мои документы\visual studio 2010\projects\alliedsandboxtest\testproject1\bin\debug\testproject1.dll" id="5dde3252-d11e-4d72-1059-6a1ca942ff60">
      <Execution id="c80eae80-3b8c-4233-b0cd-26e1a7683116" />
      <TestMethod codeBase="C:/Documents and Settings/Alkazar/мои документы/visual studio 2010/Projects/AlliedSandboxTest/TestProject1/bin/Debug/TestProject1.DLL" adapterTypeName="Microsoft.VisualStudio.TestTools.TestTypes.Unit.UnitTestAdapter, Microsoft.VisualStudio.QualityTools.Tips.UnitTest.Adapter, Version=10.0.0.0, Culture=neutral, PublicKeyToken=b03f5f7f11d50a3a" className="TestProject1.GUITest, TestProject1, Version=1.0.0.0, Culture=neutral, PublicKeyToken=null" name="CodedUITestMethod1" />
      <Extension>Microsoft.VisualStudio.TestTools.UITesting.CodedUITestAttribute, Microsoft.VisualStudio.QualityTools.CodedUITestFramework, Version=10.0.0.0, Culture=neutral, PublicKeyToken=b03f5f7f11d50a3a</Extension>
    </UnitTest>
  </TestDefinitions>
  <TestLists>
    <TestList name="Отсутствующие в списке результаты" id="8c84fa94-04c1-424b-9868-57a2d4851a1d" />
    <TestList name="Все загруженные результаты" id="19431567-8539-422a-85d7-44ee4e166bda" />
  </TestLists>
  <TestEntries>
    <TestEntry testId="5dde3252-d11e-4d72-1059-6a1ca942ff60" executionId="c80eae80-3b8c-4233-b0cd-26e1a7683116" testListId="8c84fa94-04c1-424b-9868-57a2d4851a1d" />
  </TestEntries>
  <Results>
    <UnitTestResult executionId="c80eae80-3b8c-4233-b0cd-26e1a7683116" testId="5dde3252-d11e-4d72-1059-6a1ca942ff60" testName="CodedUITestMethod1" computerName="MYCOMPUTER" duration="00:00:35.9843750" startTime="2012-03-28T17:06:49.4687500+03:00" endTime="2012-03-28T17:07:25.4531250+03:00" testType="13cdc9d9-ddb5-4fa4-a97d-d965ccfc6d4b" outcome="Aborted" testListId="8c84fa94-04c1-424b-9868-57a2d4851a1d" relativeResultsDirectory="c80eae80-3b8c-4233-b0cd-26e1a7683116">
      <Output>
        <DebugTrace>W, 5004, 30, 2012/03/28, 17:07:20.500, 20368077677370, QTAgent32.exe, Playback - [WARNING] Internal warning: Can't find anchor child after updating the collection
\0
</DebugTrace>
        <ErrorInfo>
          <Message>Тестовый запуск прерван пользователем.</Message>
        </ErrorInfo>
      </Output>
    </UnitTestResult>
  </Results>
</TestRun>