<?xml version="1.0" encoding="UTF-8"?>
<TestRun id="5d95c424-5cde-49ff-b6b0-830dd2d1e7a0" name="Alkazar@MYCOMPUTER 2012-03-30 15:50:15" runUser="MYCOMPUTER\Alkazar" xmlns="http://microsoft.com/schemas/VisualStudio/TeamTest/2010">
  <TestSettings name="Локальные" id="3e161229-29d7-4c86-b21b-606fedb78d38">
    <Description>Это - параметры по умолчанию для локального тестового запуска.</Description>
    <Execution>
      <TestTypeSpecific />
      <AgentRule name="Execution Agents">
      </AgentRule>
    </Execution>
    <Deployment runDeploymentRoot="Alkazar_MYCOMPUTER 2012-03-30 15_50_15" />
  </TestSettings>
  <Times creation="2012-03-30T15:50:15.9375000+03:00" queuing="2012-03-30T15:50:18.4687500+03:00" start="2012-03-30T15:50:22.5468750+03:00" finish="2012-03-30T15:50:41.0625000+03:00" />
  <ResultSummary outcome="Failed">
    <Counters total="1" executed="1" error="0" failed="1" timeout="0" aborted="0" inconclusive="0" passedButRunAborted="0" notRunnable="0" notExecuted="0" disconnected="0" warning="0" passed="0" completed="0" inProgress="0" pending="0" />
  </ResultSummary>
  <TestDefinitions>
    <WebTest name="GetAllUsers" storage="c:\documents and settings\alkazar\мои документы\visual studio 2010\projects\alliedsandboxtest\testproject1\getallusers.webtest" id="e61f1523-eeaf-4379-965b-6c7625b459c1" persistedWebTest="77u/PD94bWwgdmVyc2lvbj0iMS4wIiBlbmNvZGluZz0iVVRGLTgiIHN0YW5kYWxvbmU9InllcyI/Pg0KPFdlYlRlc3QgTmFtZT0iR2V0QWxsVXNlcnMiIElkPSJlNjFmMTUyMy1lZWFmLTQzNzktOTY1Yi02Yzc2MjViNDU5YzEiIE93bmVyPSIiIFByaW9yaXR5PSIyMTQ3NDgzNjQ3IiBFbmFibGVkPSJUcnVlIiBDc3NQcm9qZWN0U3RydWN0dXJlPSIiIENzc0l0ZXJhdGlvbj0iIiBUaW1lb3V0PSIwIiBXb3JrSXRlbUlkcz0iIiB4bWxucz0iaHR0cDovL21pY3Jvc29mdC5jb20vc2NoZW1hcy9WaXN1YWxTdHVkaW8vVGVhbVRlc3QvMjAxMCIgRGVzY3JpcHRpb249IiIgQ3JlZGVudGlhbFVzZXJOYW1lPSIiIENyZWRlbnRpYWxQYXNzd29yZD0iIiBQcmVBdXRoZW50aWNhdGU9IlRydWUiIFByb3h5PSIiIFN0b3BPbkVycm9yPSJGYWxzZSIgUmVjb3JkZWRSZXN1bHRGaWxlPSJHZXRBbGxVc2Vycy5lNTJjODM3My00MWIwLTQyOWItYTRjMy1kZjcxODI3NjBmMWIucmVjLndlYnRlc3RyZXN1bHQiPg0KICA8SXRlbXM+DQogICAgPFJlcXVlc3QgTWV0aG9kPSJQT1NUIiBWZXJzaW9uPSIxLjEiIFVybD0iaHR0cDovL2xvY2FsaG9zdC8iIFRoaW5rVGltZT0iMCIgVGltZW91dD0iMzAwIiBQYXJzZURlcGVuZGVudFJlcXVlc3RzPSJUcnVlIiBGb2xsb3dSZWRpcmVjdHM9IlRydWUiIFJlY29yZFJlc3VsdD0iVHJ1ZSIgQ2FjaGU9IkZhbHNlIiBSZXNwb25zZVRpbWVHb2FsPSIwIiBFbmNvZGluZz0idXRmLTgiIEV4cGVjdGVkSHR0cFN0YXR1c0NvZGU9IjAiIEV4cGVjdGVkUmVzcG9uc2VVcmw9IiIgUmVwb3J0aW5nTmFtZT0iIj4NCiAgICAgIDxTdHJpbmdIdHRwQm9keSBDb250ZW50VHlwZT0iIiBJbnNlcnRCeXRlT3JkZXJNYXJrPSJGYWxzZSI+UEFCekFHOEFZUUJ3QUdVQWJnQjJBRG9BUlFCdUFIWUFaUUJzQUc4QWNBQmxBQ0FBZUFCdEFHd0FiZ0J6QURvQWN3QnZBR0VBY0FCbEFHNEFkZ0E5QUNJQWFBQjBBSFFBY0FBNkFDOEFMd0J6QUdNQWFBQmxBRzBBWVFCekFDNEFlQUJ0QUd3QWN3QnZBR0VBY0FBdUFHOEFjZ0JuQUM4QWN3QnZBR0VBY0FBdkFHVUFiZ0IyQUdVQWJBQnZBSEFBWlFBdkFDSUFJQUI0QUcwQWJBQnVBSE1BT2dCMEFHVUFiUUE5QUNJQWFBQjBBSFFBY0FBNkFDOEFMd0IwQUdVQWJRQndBSFVBY2dCcEFDNEFid0J5QUdjQUx3QWlBRDRBRFFBS0FDQUFJQUFnQUR3QWN3QnZBR0VBY0FCbEFHNEFkZ0E2QUVnQVpRQmhBR1FBWlFCeUFDOEFQZ0FOQUFvQUlBQWdBQ0FBUEFCekFHOEFZUUJ3QUdVQWJnQjJBRG9BUWdCdkFHUUFlUUErQUEwQUNnQWdBQ0FBSUFBZ0FDQUFJQUE4QUhRQVpRQnRBRG9BUndCbEFIUUFRUUJzQUd3QVZRQnpBR1VBY2dCekFDOEFQZ0FOQUFvQUlBQWdBQ0FBUEFBdkFITUFid0JoQUhBQVpRQnVBSFlBT2dCQ0FHOEFaQUI1QUQ0QURRQUtBRHdBTHdCekFHOEFZUUJ3QUdVQWJnQjJBRG9BUlFCdUFIWUFaUUJzQUc4QWNBQmxBRDRBPC9TdHJpbmdIdHRwQm9keT4NCiAgICA8L1JlcXVlc3Q+DQogIDwvSXRlbXM+DQo8L1dlYlRlc3Q+">
      <Execution id="11ca19a5-0e3b-4820-8952-b7266260cfdc" />
    </WebTest>
  </TestDefinitions>
  <TestLists>
    <TestList name="Отсутствующие в списке результаты" id="8c84fa94-04c1-424b-9868-57a2d4851a1d" />
    <TestList name="Все загруженные результаты" id="19431567-8539-422a-85d7-44ee4e166bda" />
  </TestLists>
  <TestEntries>
    <TestEntry isTransparent="false" testId="e61f1523-eeaf-4379-965b-6c7625b459c1" executionId="11ca19a5-0e3b-4820-8952-b7266260cfdc" testListId="8c84fa94-04c1-424b-9868-57a2d4851a1d" />
  </TestEntries>
  <Results>
    <WebTestResult executionId="11ca19a5-0e3b-4820-8952-b7266260cfdc" testId="e61f1523-eeaf-4379-965b-6c7625b459c1" testName="GetAllUsers" computerName="MYCOMPUTER" duration="00:00:03.8383384" startTime="2012-03-30T15:50:24.7031250+03:00" endTime="2012-03-30T15:50:40.5312500+03:00" testType="4e7599fa-5ecb-43e9-a887-cd63cf72d207" outcome="Failed" testListId="8c84fa94-04c1-424b-9868-57a2d4851a1d" relativeResultsDirectory="11ca19a5-0e3b-4820-8952-b7266260cfdc">
      <Output>
        <ErrorInfo>
          <Message>1 первичных запросов, 0 зависимых запросов и 0 условных правил завершились сбоем</Message>
        </ErrorInfo>
      </Output>
      <ResultFiles>
        <ResultFile path="GetAllUsers.webtestResult" />
      </ResultFiles>
      <TestSettings name="Локальные" id="3e161229-29d7-4c86-b21b-606fedb78d38">
        <Description>Это - параметры по умолчанию для локального тестового запуска.</Description>
        <Execution>
          <TestTypeSpecific>
            <WebTestRunConfiguration testTypeId="4e7599fa-5ecb-43e9-a887-cd63cf72d207">
              <Browser name="Internet Explorer 7.0">
                <Headers>
                  <Header name="User-Agent" value="Mozilla/4.0 (compatible; MSIE 7.0; Windows NT 5.1)" />
                  <Header name="Accept" value="*/*" />
                  <Header name="Accept-Language" value="{{$IEAcceptLanguage}}" />
                  <Header name="Accept-Encoding" value="GZIP" />
                </Headers>
              </Browser>
            </WebTestRunConfiguration>
          </TestTypeSpecific>
          <AgentRule name="Execution Agents">
          </AgentRule>
        </Execution>
        <Deployment runDeploymentRoot="Alkazar_MYCOMPUTER 2012-03-30 15_50_15" />
      </TestSettings>
      <WebTestResultFilePath>Alkazar_MYCOMPUTER 2012-03-30 15_50_15\In\11ca19a5-0e3b-4820-8952-b7266260cfdc\GetAllUsers.webtestResult</WebTestResultFilePath>
    </WebTestResult>
  </Results>
</TestRun>