<?xml version="1.0" encoding="UTF-8"?>
<TestRun id="08e740c2-c0ee-4b7a-a56c-6c3871dc6fbd" name="Alkazar@MYCOMPUTER 2012-02-20 09:33:20" runUser="MYCOMPUTER\Alkazar" xmlns="http://microsoft.com/schemas/VisualStudio/TeamTest/2010">
  <TestSettings name="Локальные" id="3e161229-29d7-4c86-b21b-606fedb78d38">
    <Description>Это - параметры по умолчанию для локального тестового запуска.</Description>
    <Deployment enabled="false" runDeploymentRoot="Alkazar_MYCOMPUTER 2012-02-20 09_33_20" />
    <Execution>
      <TestTypeSpecific />
      <AgentRule name="Execution Agents">
      </AgentRule>
    </Execution>
  </TestSettings>
  <Times creation="2012-02-20T09:33:20.4687500+02:00" queuing="2012-02-20T09:33:25.3593750+02:00" start="2012-02-20T09:33:26.7187500+02:00" finish="2012-02-20T09:33:40.7500000+02:00" />
  <ResultSummary outcome="Failed">
    <Counters total="1" executed="1" error="0" failed="1" timeout="0" aborted="0" inconclusive="0" passedButRunAborted="0" notRunnable="0" notExecuted="0" disconnected="0" warning="0" passed="0" completed="0" inProgress="0" pending="0" />
  </ResultSummary>
  <TestDefinitions>
    <UnitTest name="CodedUITestMethod1" storage="c:\documents and settings\alkazar\мои документы\visual studio 2010\projects\alliedsandboxtest\testproject1\bin\debug\testproject1.dll" id="c724dcba-737e-59be-d4b3-3aa12e47e71d">
      <Execution id="f2892f87-f7ae-4f8a-95cd-389e56efcef0" />
      <TestMethod codeBase="C:/Documents and Settings/Alkazar/Мои документы/Visual Studio 2010/Projects/AlliedSandboxTest/TestProject1/bin/Debug/TestProject1.DLL" adapterTypeName="Microsoft.VisualStudio.TestTools.TestTypes.Unit.UnitTestAdapter, Microsoft.VisualStudio.QualityTools.Tips.UnitTest.Adapter, Version=10.0.0.0, Culture=neutral, PublicKeyToken=b03f5f7f11d50a3a" className="TestProject1.CodedUITest1, TestProject1, Version=1.0.0.0, Culture=neutral, PublicKeyToken=null" name="CodedUITestMethod1" />
      <Extension>Microsoft.VisualStudio.TestTools.UITesting.CodedUITestAttribute, Microsoft.VisualStudio.QualityTools.CodedUITestFramework, Version=10.0.0.0, Culture=neutral, PublicKeyToken=b03f5f7f11d50a3a</Extension>
    </UnitTest>
  </TestDefinitions>
  <TestLists>
    <TestList name="Отсутствующие в списке результаты" id="8c84fa94-04c1-424b-9868-57a2d4851a1d" />
    <TestList name="Все загруженные результаты" id="19431567-8539-422a-85d7-44ee4e166bda" />
  </TestLists>
  <TestEntries>
    <TestEntry testId="c724dcba-737e-59be-d4b3-3aa12e47e71d" executionId="f2892f87-f7ae-4f8a-95cd-389e56efcef0" testListId="8c84fa94-04c1-424b-9868-57a2d4851a1d" />
  </TestEntries>
  <Results>
    <UnitTestResult executionId="f2892f87-f7ae-4f8a-95cd-389e56efcef0" testId="c724dcba-737e-59be-d4b3-3aa12e47e71d" testName="CodedUITestMethod1" computerName="MYCOMPUTER" duration="00:00:08.2310620" startTime="2012-02-20T09:33:28.4062500+02:00" endTime="2012-02-20T09:33:40.5625000+02:00" testType="13cdc9d9-ddb5-4fa4-a97d-d965ccfc6d4b" outcome="Failed" testListId="8c84fa94-04c1-424b-9868-57a2d4851a1d" relativeResultsDirectory="f2892f87-f7ae-4f8a-95cd-389e56efcef0">
      <Output>
        <DebugTrace>W, 8924, 14, 2012/02/20, 09:33:36.765, 860193035812050, QTAgent32.exe, &lt;a class=success&gt;Playback - {1} [SUCCESS] DoubleClick - "[MSAA]ControlType='ListItem' &amp;&amp; Name='SANDBOX.exe'"  &lt; Mouse cursor location (507, 218) &gt;
\0&lt;/a&gt;
W, 8924, 14, 2012/02/20, 09:33:37.906, 860194939234120, QTAgent32.exe, PERF WARNING: FindTopLevelWindowHelper::FindAllDescendents: took 1009 ms. Expected it to take maximum 500 ms.
W, 8924, 14, 2012/02/20, 09:33:38.250, 860195511675920, QTAgent32.exe, Value in en-US resource 'Развернуть' does not match the defaultvalue 'Maximize'
W, 8924, 14, 2012/02/20, 09:33:38.250, 860195513040360, QTAgent32.exe, Value in en-US resource 'Восстановить' does not match the defaultvalue 'Restore'
E, 8924, 14, 2012/02/20, 09:33:38.281, 860195572194650, QTAgent32.exe, LoadIEStrings() - Could not find ie resource assembly in ru-RU or ru-RU
E, 8924, 14, 2012/02/20, 09:33:38.281, 860195572864200, QTAgent32.exe, LoadIEStrings() - Could not find user32 resource assembly in ru-RU or ru-RU
W, 8924, 14, 2012/02/20, 09:33:38.921, 860196636904740, QTAgent32.exe, &lt;a class=success&gt;Playback - {2} [SUCCESS] SetValueAsEditBox "Test1" - "[MSAA, VisibleOnly]ControlType='Edit'"  &lt; Set via SendKeys &gt;
\0&lt;/a&gt;
W, 8924, 14, 2012/02/20, 09:33:39.468, 860197536546360, QTAgent32.exe, &lt;a class=success&gt;Playback - {3} [SUCCESS] MouseButtonClick - "[MSAA, VisibleOnly]ControlType='Edit'"
\0&lt;/a&gt;
W, 8924, 14, 2012/02/20, 09:33:40.453, 860199184194980, QTAgent32.exe, IEDOM : StopSession of the plugin called before StartSession
W, 8924, 14, 2012/02/20, 09:33:40.453, 860199184573450, QTAgent32.exe, UIA : StopSession of the plugin called before StartSession
</DebugTrace>
        <ErrorInfo>
          <Message>Метод проверки TestProject1.CodedUITest1.CodedUITestMethod1 выдал исключение: Microsoft.VisualStudio.TestTools.UITest.Extension.DecodingFailedException: При попытке декодирования зашифрованного текста произошла следующая ошибка: Плохие данные.
.</Message>
          <StackTrace>    в Microsoft.VisualStudio.TestTools.UITest.Common.EncodeDecode.DecodeString(String dataToDecode)
   в Microsoft.VisualStudio.TestTools.UITest.Playback.ScreenElement.SendKeys(String keys, ModifierKeys modifierKeys, Boolean isEncoded, Boolean isUnicode)
   в Microsoft.VisualStudio.TestTools.UITesting.UITestControl.SendKeys(String text, ModifierKeys modifierKeys, Boolean isEncoded, Boolean isUnicode)
   в Microsoft.VisualStudio.TestTools.UITesting.Keyboard.SendKeysImplementation(UITestControl control, String text, ModifierKeys modifierKeys, Boolean isEncoded, Boolean isUnicode)
   в Microsoft.VisualStudio.TestTools.UITesting.Keyboard.SendKeysImplementationWrapper(UITestControl control, String text, ModifierKeys modifierKeys, Boolean isEncoded, Boolean isUnicode)
   в Microsoft.VisualStudio.TestTools.UITesting.Keyboard.SendKeys(UITestControl control, String text, Boolean isEncoded)
   в TestProject1.UIMap.RecordedMethod1() в C:\Documents and Settings\Alkazar\Мои документы\Visual Studio 2010\Projects\AlliedSandboxTest\TestProject1\UIMap.Designer.cs:строка 54
   в TestProject1.CodedUITest1.CodedUITestMethod1() в C:\Documents and Settings\Alkazar\Мои документы\Visual Studio 2010\Projects\AlliedSandboxTest\TestProject1\CodedUITest1.cs:строка 30
</StackTrace>
        </ErrorInfo>
      </Output>
      <ResultFiles>
        <ResultFile path="MYCOMPUTER\CodedUITestMethod1.png" />
      </ResultFiles>
      <ExtensionResult>Адресат вызова создал исключение.</ExtensionResult>
    </UnitTestResult>
  </Results>
</TestRun>