<?xml version="1.0" encoding="UTF-8"?>
<TestRun id="8216b206-dca3-4b04-9f1d-bb023f6a25fd" name="Alkazar@MYCOMPUTER 2012-03-30 16:04:10" runUser="MYCOMPUTER\Alkazar" xmlns="http://microsoft.com/schemas/VisualStudio/TeamTest/2010">
  <TestSettings name="Локальные" id="3e161229-29d7-4c86-b21b-606fedb78d38">
    <Description>Это - параметры по умолчанию для локального тестового запуска.</Description>
    <Execution>
      <TestTypeSpecific />
      <AgentRule name="Execution Agents">
      </AgentRule>
    </Execution>
    <Deployment runDeploymentRoot="Alkazar_MYCOMPUTER 2012-03-30 16_04_10" />
  </TestSettings>
  <Times creation="2012-03-30T16:04:10.7187500+03:00" queuing="2012-03-30T16:04:12.8125000+03:00" start="2012-03-30T16:04:14.0000000+03:00" finish="2012-03-30T16:04:29.8593750+03:00" />
  <ResultSummary outcome="Completed">
    <Counters total="1" executed="1" passed="1" error="0" failed="0" timeout="0" aborted="0" inconclusive="0" passedButRunAborted="0" notRunnable="0" notExecuted="0" disconnected="0" warning="0" completed="0" inProgress="0" pending="0" />
  </ResultSummary>
  <TestDefinitions>
    <WebTest name="GetAllBooks" storage="c:\documents and settings\alkazar\мои документы\visual studio 2010\projects\alliedsandboxtest\testproject1\getallbooks.webtest" id="d4cd1321-b2ae-48bb-8092-ba1ecb7c7a6e" persistedWebTest="77u/PD94bWwgdmVyc2lvbj0iMS4wIiBlbmNvZGluZz0iVVRGLTgiIHN0YW5kYWxvbmU9InllcyI/Pg0KPFdlYlRlc3QgTmFtZT0iR2V0QWxsQm9va3MiIElkPSJkNGNkMTMyMS1iMmFlLTQ4YmItODA5Mi1iYTFlY2I3YzdhNmUiIE93bmVyPSIiIFByaW9yaXR5PSIyMTQ3NDgzNjQ3IiBFbmFibGVkPSJUcnVlIiBDc3NQcm9qZWN0U3RydWN0dXJlPSIiIENzc0l0ZXJhdGlvbj0iIiBUaW1lb3V0PSIwIiBXb3JrSXRlbUlkcz0iIiB4bWxucz0iaHR0cDovL21pY3Jvc29mdC5jb20vc2NoZW1hcy9WaXN1YWxTdHVkaW8vVGVhbVRlc3QvMjAxMCIgRGVzY3JpcHRpb249IiIgQ3JlZGVudGlhbFVzZXJOYW1lPSIiIENyZWRlbnRpYWxQYXNzd29yZD0iIiBQcmVBdXRoZW50aWNhdGU9IlRydWUiIFByb3h5PSIiIFN0b3BPbkVycm9yPSJGYWxzZSIgUmVjb3JkZWRSZXN1bHRGaWxlPSJHZXRBbGxCb29rcy4yNzg2YTg0Zi1lYWQyLTQwYjYtYmQ0NC05NzQwOTYxMTFkMjAucmVjLndlYnRlc3RyZXN1bHQiPg0KICA8SXRlbXM+DQogICAgPFJlcXVlc3QgTWV0aG9kPSJQT1NUIiBWZXJzaW9uPSIxLjEiIFVybD0iaHR0cDovLzE5My4yMjYuNjQuMTYzL1NBTkRCT1hXZWJTZXJ2aWNlRGV2L1NlcnZpY2UxLmFzbXgiIFRoaW5rVGltZT0iMCIgVGltZW91dD0iMyIgUGFyc2VEZXBlbmRlbnRSZXF1ZXN0cz0iVHJ1ZSIgRm9sbG93UmVkaXJlY3RzPSJUcnVlIiBSZWNvcmRSZXN1bHQ9IlRydWUiIENhY2hlPSJGYWxzZSIgUmVzcG9uc2VUaW1lR29hbD0iMCIgRW5jb2Rpbmc9InV0Zi04IiBFeHBlY3RlZEh0dHBTdGF0dXNDb2RlPSIwIiBFeHBlY3RlZFJlc3BvbnNlVXJsPSIiIFJlcG9ydGluZ05hbWU9IiI+DQogICAgICA8SGVhZGVycz4NCiAgICAgICAgPEhlYWRlciBOYW1lPSJTT0FQQWN0aW9uIiBWYWx1ZT0iaHR0cDovL3RlbXB1cmkub3JnL0ZpbmRCb29rcyIgLz4NCiAgICAgIDwvSGVhZGVycz4NCiAgICAgIDxTdHJpbmdIdHRwQm9keSBDb250ZW50VHlwZT0idGV4dC94bWwiIEluc2VydEJ5dGVPcmRlck1hcms9IkZhbHNlIj5QQUEvQUhnQWJRQnNBQ0FBZGdCbEFISUFjd0JwQUc4QWJnQTlBQ0lBTVFBdUFEQUFJZ0FnQUdVQWJnQmpBRzhBWkFCcEFHNEFad0E5QUNJQWRRQjBBR1lBTFFBNEFDSUFQd0ErQUEwQUNnQThBSE1BYndCaEFIQUFPZ0JGQUc0QWRnQmxBR3dBYndCd0FHVUFJQUI0QUcwQWJBQnVBSE1BT2dCNEFITUFhUUE5QUNJQWFBQjBBSFFBY0FBNkFDOEFMd0IzQUhjQWR3QXVBSGNBTXdBdUFHOEFjZ0JuQUM4QU1nQXdBREFBTVFBdkFGZ0FUUUJNQUZNQVl3Qm9BR1VBYlFCaEFDMEFhUUJ1QUhNQWRBQmhBRzRBWXdCbEFDSUFJQUI0QUcwQWJBQnVBSE1BT2dCNEFITUFaQUE5QUNJQWFBQjBBSFFBY0FBNkFDOEFMd0IzQUhjQWR3QXVBSGNBTXdBdUFHOEFjZ0JuQUM4QU1nQXdBREFBTVFBdkFGZ0FUUUJNQUZNQVl3Qm9BR1VBYlFCaEFDSUFJQUI0QUcwQWJBQnVBSE1BT2dCekFHOEFZUUJ3QUQwQUlnQm9BSFFBZEFCd0FEb0FMd0F2QUhNQVl3Qm9BR1VBYlFCaEFITUFMZ0I0QUcwQWJBQnpBRzhBWVFCd0FDNEFid0J5QUdjQUx3QnpBRzhBWVFCd0FDOEFaUUJ1QUhZQVpRQnNBRzhBY0FCbEFDOEFJZ0ErQUEwQUNnQWdBQ0FBUEFCekFHOEFZUUJ3QURvQVFnQnZBR1FBZVFBK0FBMEFDZ0FnQUNBQUlBQWdBRHdBUmdCcEFHNEFaQUJDQUc4QWJ3QnJBSE1BSUFCNEFHMEFiQUJ1QUhNQVBRQWlBR2dBZEFCMEFIQUFPZ0F2QUM4QWRBQmxBRzBBY0FCMUFISUFhUUF1QUc4QWNnQm5BQzhBSWdBZ0FDOEFQZ0FOQUFvQUlBQWdBRHdBTHdCekFHOEFZUUJ3QURvQVFnQnZBR1FBZVFBK0FBMEFDZ0E4QUM4QWN3QnZBR0VBY0FBNkFFVUFiZ0IyQUdVQWJBQnZBSEFBWlFBK0FBPT08L1N0cmluZ0h0dHBCb2R5Pg0KICAgIDwvUmVxdWVzdD4NCiAgPC9JdGVtcz4NCiAgPFZhbGlkYXRpb25SdWxlcz4NCiAgICA8VmFsaWRhdGlvblJ1bGUgQ2xhc3NuYW1lPSJNaWNyb3NvZnQuVmlzdWFsU3R1ZGlvLlRlc3RUb29scy5XZWJUZXN0aW5nLlJ1bGVzLlZhbGlkYXRpb25SdWxlUmVxdWVzdFRpbWUsIE1pY3Jvc29mdC5WaXN1YWxTdHVkaW8uUXVhbGl0eVRvb2xzLldlYlRlc3RGcmFtZXdvcmssIFZlcnNpb249MTAuMC4wLjAsIEN1bHR1cmU9bmV1dHJhbCwgUHVibGljS2V5VG9rZW49YjAzZjVmN2YxMWQ1MGEzYSIgRGlzcGxheU5hbWU9ItCc0LDQutGB0LjQvNCw0LvRjNC90L7QtSDQstGA0LXQvNGPINC30LDQv9GA0L7RgdCwIiBEZXNjcmlwdGlvbj0i0J/RgNC+0LLQtdGA0LrQsCDQt9Cw0LLQtdGA0YjQtdC90LjRjyDQt9Cw0L/RgNC+0YHQsCDQsiDRgtC10YfQtdC90LjQtSDRg9C60LDQt9Cw0L3QvdC+0LPQviDQstGA0LXQvNC10L3QuC4iIExldmVsPSJIaWdoIiBFeGVjdHVpb25PcmRlcj0iQmVmb3JlRGVwZW5kZW50cyI+DQogICAgICA8UnVsZVBhcmFtZXRlcnM+DQogICAgICAgIDxSdWxlUGFyYW1ldGVyIE5hbWU9Ik1heFJlcXVlc3RUaW1lIiBWYWx1ZT0iMTAwMCIgLz4NCiAgICAgIDwvUnVsZVBhcmFtZXRlcnM+DQogICAgPC9WYWxpZGF0aW9uUnVsZT4NCiAgICA8VmFsaWRhdGlvblJ1bGUgQ2xhc3NuYW1lPSJNaWNyb3NvZnQuVmlzdWFsU3R1ZGlvLlRlc3RUb29scy5XZWJUZXN0aW5nLlJ1bGVzLlZhbGlkYXRpb25SdWxlUmVxdWlyZWRUYWcsIE1pY3Jvc29mdC5WaXN1YWxTdHVkaW8uUXVhbGl0eVRvb2xzLldlYlRlc3RGcmFtZXdvcmssIFZlcnNpb249MTAuMC4wLjAsIEN1bHR1cmU9bmV1dHJhbCwgUHVibGljS2V5VG9rZW49YjAzZjVmN2YxMWQ1MGEzYSIgRGlzcGxheU5hbWU9ItCe0LHRj9C30LDRgtC10LvRjNC90YvQuSDRgtC10LMiIERlc2NyaXB0aW9uPSLQn9GA0L7QstC10YDQutCwINGB0YPRidC10YHRgtCy0L7QstCw0L3QuNGPINGD0LrQsNC30LDQvdC90L7Qs9C+IEhUTUwt0YLQtdCz0LAg0LIg0L7RgtCy0LXRgtC1LiIgTGV2ZWw9IkhpZ2giIEV4ZWN0dWlvbk9yZGVyPSJCZWZvcmVEZXBlbmRlbnRzIj4NCiAgICAgIDxSdWxlUGFyYW1ldGVycz4NCiAgICAgICAgPFJ1bGVQYXJhbWV0ZXIgTmFtZT0iUmVxdWlyZWRUYWdOYW1lIiBWYWx1ZT0iQm9vayIgLz4NCiAgICAgICAgPFJ1bGVQYXJhbWV0ZXIgTmFtZT0iTWluT2NjdXJyZW5jZXMiIFZhbHVlPSIxIiAvPg0KICAgICAgPC9SdWxlUGFyYW1ldGVycz4NCiAgICA8L1ZhbGlkYXRpb25SdWxlPg0KICA8L1ZhbGlkYXRpb25SdWxlcz4NCjwvV2ViVGVzdD4=">
      <Execution id="9ba84e8d-9036-4ac3-9a25-6bc6567e5cbf" />
    </WebTest>
  </TestDefinitions>
  <TestLists>
    <TestList name="Отсутствующие в списке результаты" id="8c84fa94-04c1-424b-9868-57a2d4851a1d" />
    <TestList name="Все загруженные результаты" id="19431567-8539-422a-85d7-44ee4e166bda" />
  </TestLists>
  <TestEntries>
    <TestEntry isTransparent="false" testId="d4cd1321-b2ae-48bb-8092-ba1ecb7c7a6e" executionId="9ba84e8d-9036-4ac3-9a25-6bc6567e5cbf" testListId="8c84fa94-04c1-424b-9868-57a2d4851a1d" />
  </TestEntries>
  <Results>
    <WebTestResult executionId="9ba84e8d-9036-4ac3-9a25-6bc6567e5cbf" testId="d4cd1321-b2ae-48bb-8092-ba1ecb7c7a6e" testName="GetAllBooks" computerName="MYCOMPUTER" duration="00:00:02.7273359" startTime="2012-03-30T16:04:14.3437500+03:00" endTime="2012-03-30T16:04:29.8125000+03:00" testType="4e7599fa-5ecb-43e9-a887-cd63cf72d207" outcome="Passed" testListId="8c84fa94-04c1-424b-9868-57a2d4851a1d" relativeResultsDirectory="9ba84e8d-9036-4ac3-9a25-6bc6567e5cbf">
      <ResultFiles>
        <ResultFile path="GetAllBooks.webtestResult" />
      </ResultFiles>
      <TestSettings name="Локальные" id="3e161229-29d7-4c86-b21b-606fedb78d38">
        <Description>Это - параметры по умолчанию для локального тестового запуска.</Description>
        <Execution>
          <TestTypeSpecific>
            <WebTestRunConfiguration testTypeId="4e7599fa-5ecb-43e9-a887-cd63cf72d207">
              <Browser name="Internet Explorer 7.0">
                <Headers>
                  <Header name="User-Agent" value="Mozilla/4.0 (compatible; MSIE 7.0; Windows NT 5.1)" />
                  <Header name="Accept" value="*/*" />
                  <Header name="Accept-Language" value="{{$IEAcceptLanguage}}" />
                  <Header name="Accept-Encoding" value="GZIP" />
                </Headers>
              </Browser>
            </WebTestRunConfiguration>
          </TestTypeSpecific>
          <AgentRule name="Execution Agents">
          </AgentRule>
        </Execution>
        <Deployment runDeploymentRoot="Alkazar_MYCOMPUTER 2012-03-30 16_04_10" />
      </TestSettings>
      <WebTestResultFilePath>Alkazar_MYCOMPUTER 2012-03-30 16_04_10\In\9ba84e8d-9036-4ac3-9a25-6bc6567e5cbf\GetAllBooks.webtestResult</WebTestResultFilePath>
    </WebTestResult>
  </Results>
</TestRun>