<?xml version="1.0" encoding="UTF-8"?>
<TestRun id="d08830e2-7032-49fe-aac0-9ca2d12beb97" name="Alkazar@MYCOMPUTER 2012-03-30 15:55:09" runUser="MYCOMPUTER\Alkazar" xmlns="http://microsoft.com/schemas/VisualStudio/TeamTest/2010">
  <TestSettings name="Локальные" id="3e161229-29d7-4c86-b21b-606fedb78d38">
    <Description>Это - параметры по умолчанию для локального тестового запуска.</Description>
    <Execution>
      <TestTypeSpecific />
      <AgentRule name="Execution Agents">
      </AgentRule>
    </Execution>
    <Deployment runDeploymentRoot="Alkazar_MYCOMPUTER 2012-03-30 15_55_09" />
  </TestSettings>
  <Times creation="2012-03-30T15:55:09.4531250+03:00" queuing="2012-03-30T15:55:13.2656250+03:00" start="2012-03-30T15:55:16.4375000+03:00" finish="2012-03-30T15:55:32.5781250+03:00" />
  <ResultSummary outcome="Failed">
    <Counters total="1" executed="1" error="0" failed="1" timeout="0" aborted="0" inconclusive="0" passedButRunAborted="0" notRunnable="0" notExecuted="0" disconnected="0" warning="0" passed="0" completed="0" inProgress="0" pending="0" />
  </ResultSummary>
  <TestDefinitions>
    <WebTest name="GetAllUsers" storage="c:\documents and settings\alkazar\мои документы\visual studio 2010\projects\alliedsandboxtest\testproject1\getallusers.webtest" id="e61f1523-eeaf-4379-965b-6c7625b459c1" persistedWebTest="77u/PD94bWwgdmVyc2lvbj0iMS4wIiBlbmNvZGluZz0iVVRGLTgiIHN0YW5kYWxvbmU9InllcyI/Pg0KPFdlYlRlc3QgTmFtZT0iR2V0QWxsVXNlcnMiIElkPSJlNjFmMTUyMy1lZWFmLTQzNzktOTY1Yi02Yzc2MjViNDU5YzEiIE93bmVyPSIiIFByaW9yaXR5PSIyMTQ3NDgzNjQ3IiBFbmFibGVkPSJUcnVlIiBDc3NQcm9qZWN0U3RydWN0dXJlPSIiIENzc0l0ZXJhdGlvbj0iIiBUaW1lb3V0PSIwIiBXb3JrSXRlbUlkcz0iIiB4bWxucz0iaHR0cDovL21pY3Jvc29mdC5jb20vc2NoZW1hcy9WaXN1YWxTdHVkaW8vVGVhbVRlc3QvMjAxMCIgRGVzY3JpcHRpb249IiIgQ3JlZGVudGlhbFVzZXJOYW1lPSIiIENyZWRlbnRpYWxQYXNzd29yZD0iIiBQcmVBdXRoZW50aWNhdGU9IlRydWUiIFByb3h5PSIiIFN0b3BPbkVycm9yPSJGYWxzZSIgUmVjb3JkZWRSZXN1bHRGaWxlPSJHZXRBbGxVc2Vycy5lNTJjODM3My00MWIwLTQyOWItYTRjMy1kZjcxODI3NjBmMWIucmVjLndlYnRlc3RyZXN1bHQiPg0KICA8SXRlbXM+DQogICAgPFJlcXVlc3QgTWV0aG9kPSJQT1NUIiBWZXJzaW9uPSIxLjEiIFVybD0iaHR0cDovLzE5My4yMjYuNjQuMTYzL1NBTkRCT1hXZWJTZXJ2aWNlRGV2L1NlcnZpY2UxLmFzbXgiIFRoaW5rVGltZT0iMCIgVGltZW91dD0iMyIgUGFyc2VEZXBlbmRlbnRSZXF1ZXN0cz0iVHJ1ZSIgRm9sbG93UmVkaXJlY3RzPSJUcnVlIiBSZWNvcmRSZXN1bHQ9IlRydWUiIENhY2hlPSJGYWxzZSIgUmVzcG9uc2VUaW1lR29hbD0iMCIgRW5jb2Rpbmc9InV0Zi04IiBFeHBlY3RlZEh0dHBTdGF0dXNDb2RlPSIwIiBFeHBlY3RlZFJlc3BvbnNlVXJsPSIiIFJlcG9ydGluZ05hbWU9IiI+DQogICAgICA8SGVhZGVycz4NCiAgICAgICAgPEhlYWRlciBOYW1lPSJTT0FQQWN0aW9uIiBWYWx1ZT0iaHR0cDovL3RlbXB1cmkub3JnL0dldEFsbFVzZXJzIiAvPg0KICAgICAgPC9IZWFkZXJzPg0KICAgICAgPFN0cmluZ0h0dHBCb2R5IENvbnRlbnRUeXBlPSIiIEluc2VydEJ5dGVPcmRlck1hcms9IkZhbHNlIj5QQUEvQUhnQWJRQnNBQ0FBZGdCbEFISUFjd0JwQUc4QWJnQTlBQ0lBTVFBdUFEQUFJZ0FnQUdVQWJnQmpBRzhBWkFCcEFHNEFad0E5QUNJQWRRQjBBR1lBTFFBNEFDSUFQd0ErQUEwQUNnQThBSE1BYndCaEFIQUFPZ0JGQUc0QWRnQmxBR3dBYndCd0FHVUFJQUI0QUcwQWJBQnVBSE1BT2dCNEFITUFhUUE5QUNJQWFBQjBBSFFBY0FBNkFDOEFMd0IzQUhjQWR3QXVBSGNBTXdBdUFHOEFjZ0JuQUM4QU1nQXdBREFBTVFBdkFGZ0FUUUJNQUZNQVl3Qm9BR1VBYlFCaEFDMEFhUUJ1QUhNQWRBQmhBRzRBWXdCbEFDSUFJQUI0QUcwQWJBQnVBSE1BT2dCNEFITUFaQUE5QUNJQWFBQjBBSFFBY0FBNkFDOEFMd0IzQUhjQWR3QXVBSGNBTXdBdUFHOEFjZ0JuQUM4QU1nQXdBREFBTVFBdkFGZ0FUUUJNQUZNQVl3Qm9BR1VBYlFCaEFDSUFJQUI0QUcwQWJBQnVBSE1BT2dCekFHOEFZUUJ3QUQwQUlnQm9BSFFBZEFCd0FEb0FMd0F2QUhNQVl3Qm9BR1VBYlFCaEFITUFMZ0I0QUcwQWJBQnpBRzhBWVFCd0FDNEFid0J5QUdjQUx3QnpBRzhBWVFCd0FDOEFaUUJ1QUhZQVpRQnNBRzhBY0FCbEFDOEFJZ0ErQUEwQUNnQWdBQ0FBUEFCekFHOEFZUUJ3QURvQVFnQnZBR1FBZVFBK0FBMEFDZ0FnQUNBQUlBQWdBRHdBUndCbEFIUUFRUUJzQUd3QVZRQnpBR1VBY2dCekFDQUFlQUJ0QUd3QWJnQnpBRDBBSWdCb0FIUUFkQUJ3QURvQUx3QXZBSFFBWlFCdEFIQUFkUUJ5QUdrQUxnQnZBSElBWndBdkFDSUFJQUF2QUQ0QURRQUtBQ0FBSUFBOEFDOEFjd0J2QUdFQWNBQTZBRUlBYndCa0FIa0FQZ0FOQUFvQVBBQXZBSE1BYndCaEFIQUFPZ0JGQUc0QWRnQmxBR3dBYndCd0FHVUFQZ0E9PC9TdHJpbmdIdHRwQm9keT4NCiAgICA8L1JlcXVlc3Q+DQogIDwvSXRlbXM+DQogIDxWYWxpZGF0aW9uUnVsZXM+DQogICAgPFZhbGlkYXRpb25SdWxlIENsYXNzbmFtZT0iTWljcm9zb2Z0LlZpc3VhbFN0dWRpby5UZXN0VG9vbHMuV2ViVGVzdGluZy5SdWxlcy5WYWxpZGF0aW9uUnVsZVJlcXVpcmVkVGFnLCBNaWNyb3NvZnQuVmlzdWFsU3R1ZGlvLlF1YWxpdHlUb29scy5XZWJUZXN0RnJhbWV3b3JrLCBWZXJzaW9uPTEwLjAuMC4wLCBDdWx0dXJlPW5ldXRyYWwsIFB1YmxpY0tleVRva2VuPWIwM2Y1ZjdmMTFkNTBhM2EiIERpc3BsYXlOYW1lPSLQntCx0Y/Qt9Cw0YLQtdC70YzQvdGL0Lkg0YLQtdCzIiBEZXNjcmlwdGlvbj0i0J/RgNC+0LLQtdGA0LrQsCDRgdGD0YnQtdGB0YLQstC+0LLQsNC90LjRjyDRg9C60LDQt9Cw0L3QvdC+0LPQviBIVE1MLdGC0LXQs9CwINCyINC+0YLQstC10YLQtS4iIExldmVsPSJIaWdoIiBFeGVjdHVpb25PcmRlcj0iQmVmb3JlRGVwZW5kZW50cyI+DQogICAgICA8UnVsZVBhcmFtZXRlcnM+DQogICAgICAgIDxSdWxlUGFyYW1ldGVyIE5hbWU9IlJlcXVpcmVkVGFnTmFtZSIgVmFsdWU9IiZsdDtVc2VyJmd0OyIgLz4NCiAgICAgICAgPFJ1bGVQYXJhbWV0ZXIgTmFtZT0iTWluT2NjdXJyZW5jZXMiIFZhbHVlPSIxIiAvPg0KICAgICAgPC9SdWxlUGFyYW1ldGVycz4NCiAgICA8L1ZhbGlkYXRpb25SdWxlPg0KICAgIDxWYWxpZGF0aW9uUnVsZSBDbGFzc25hbWU9Ik1pY3Jvc29mdC5WaXN1YWxTdHVkaW8uVGVzdFRvb2xzLldlYlRlc3RpbmcuUnVsZXMuVmFsaWRhdGlvblJ1bGVSZXF1ZXN0VGltZSwgTWljcm9zb2Z0LlZpc3VhbFN0dWRpby5RdWFsaXR5VG9vbHMuV2ViVGVzdEZyYW1ld29yaywgVmVyc2lvbj0xMC4wLjAuMCwgQ3VsdHVyZT1uZXV0cmFsLCBQdWJsaWNLZXlUb2tlbj1iMDNmNWY3ZjExZDUwYTNhIiBEaXNwbGF5TmFtZT0i0JzQsNC60YHQuNC80LDQu9GM0L3QvtC1INCy0YDQtdC80Y8g0LfQsNC/0YDQvtGB0LAiIERlc2NyaXB0aW9uPSLQn9GA0L7QstC10YDQutCwINC30LDQstC10YDRiNC10L3QuNGPINC30LDQv9GA0L7RgdCwINCyINGC0LXRh9C10L3QuNC1INGD0LrQsNC30LDQvdC90L7Qs9C+INCy0YDQtdC80LXQvdC4LiIgTGV2ZWw9IkhpZ2giIEV4ZWN0dWlvbk9yZGVyPSJCZWZvcmVEZXBlbmRlbnRzIj4NCiAgICAgIDxSdWxlUGFyYW1ldGVycz4NCiAgICAgICAgPFJ1bGVQYXJhbWV0ZXIgTmFtZT0iTWF4UmVxdWVzdFRpbWUiIFZhbHVlPSIxMDAwIiAvPg0KICAgICAgPC9SdWxlUGFyYW1ldGVycz4NCiAgICA8L1ZhbGlkYXRpb25SdWxlPg0KICA8L1ZhbGlkYXRpb25SdWxlcz4NCjwvV2ViVGVzdD4=">
      <Execution id="dba36df9-54c3-470a-82e0-0f9c6fcf0f9e" />
    </WebTest>
  </TestDefinitions>
  <TestLists>
    <TestList name="Отсутствующие в списке результаты" id="8c84fa94-04c1-424b-9868-57a2d4851a1d" />
    <TestList name="Все загруженные результаты" id="19431567-8539-422a-85d7-44ee4e166bda" />
  </TestLists>
  <TestEntries>
    <TestEntry isTransparent="false" testId="e61f1523-eeaf-4379-965b-6c7625b459c1" executionId="dba36df9-54c3-470a-82e0-0f9c6fcf0f9e" testListId="8c84fa94-04c1-424b-9868-57a2d4851a1d" />
  </TestEntries>
  <Results>
    <WebTestResult executionId="dba36df9-54c3-470a-82e0-0f9c6fcf0f9e" testId="e61f1523-eeaf-4379-965b-6c7625b459c1" testName="GetAllUsers" computerName="MYCOMPUTER" duration="00:00:02.6490296" startTime="2012-03-30T15:55:17.4375000+03:00" endTime="2012-03-30T15:55:32.4843750+03:00" testType="4e7599fa-5ecb-43e9-a887-cd63cf72d207" outcome="Failed" testListId="8c84fa94-04c1-424b-9868-57a2d4851a1d" relativeResultsDirectory="dba36df9-54c3-470a-82e0-0f9c6fcf0f9e">
      <Output>
        <ErrorInfo>
          <Message>1 первичных запросов, 0 зависимых запросов и 0 условных правил завершились сбоем</Message>
        </ErrorInfo>
      </Output>
      <ResultFiles>
        <ResultFile path="GetAllUsers.webtestResult" />
      </ResultFiles>
      <TestSettings name="Локальные" id="3e161229-29d7-4c86-b21b-606fedb78d38">
        <Description>Это - параметры по умолчанию для локального тестового запуска.</Description>
        <Execution>
          <TestTypeSpecific>
            <WebTestRunConfiguration testTypeId="4e7599fa-5ecb-43e9-a887-cd63cf72d207">
              <Browser name="Internet Explorer 7.0">
                <Headers>
                  <Header name="User-Agent" value="Mozilla/4.0 (compatible; MSIE 7.0; Windows NT 5.1)" />
                  <Header name="Accept" value="*/*" />
                  <Header name="Accept-Language" value="{{$IEAcceptLanguage}}" />
                  <Header name="Accept-Encoding" value="GZIP" />
                </Headers>
              </Browser>
            </WebTestRunConfiguration>
          </TestTypeSpecific>
          <AgentRule name="Execution Agents">
          </AgentRule>
        </Execution>
        <Deployment runDeploymentRoot="Alkazar_MYCOMPUTER 2012-03-30 15_55_09" />
      </TestSettings>
      <WebTestResultFilePath>Alkazar_MYCOMPUTER 2012-03-30 15_55_09\In\dba36df9-54c3-470a-82e0-0f9c6fcf0f9e\GetAllUsers.webtestResult</WebTestResultFilePath>
    </WebTestResult>
  </Results>
</TestRun>