<?xml version="1.0" encoding="UTF-8"?>
<TestRun id="3aff63aa-c688-4e48-a5f2-80f130fb57fa" name="Alkazar@MYCOMPUTER 2012-03-30 15:57:42" runUser="MYCOMPUTER\Alkazar" xmlns="http://microsoft.com/schemas/VisualStudio/TeamTest/2010">
  <TestSettings name="Локальные" id="3e161229-29d7-4c86-b21b-606fedb78d38">
    <Description>Это - параметры по умолчанию для локального тестового запуска.</Description>
    <Execution>
      <TestTypeSpecific />
      <AgentRule name="Execution Agents">
      </AgentRule>
    </Execution>
    <Deployment runDeploymentRoot="Alkazar_MYCOMPUTER 2012-03-30 15_57_42" />
  </TestSettings>
  <Times creation="2012-03-30T15:57:42.8750000+03:00" queuing="2012-03-30T15:57:43.8437500+03:00" start="2012-03-30T15:57:44.5781250+03:00" finish="2012-03-30T15:57:57.2656250+03:00" />
  <ResultSummary outcome="Completed">
    <Counters total="1" executed="1" passed="1" error="0" failed="0" timeout="0" aborted="0" inconclusive="0" passedButRunAborted="0" notRunnable="0" notExecuted="0" disconnected="0" warning="0" completed="0" inProgress="0" pending="0" />
  </ResultSummary>
  <TestDefinitions>
    <WebTest name="GetAllUsers" storage="c:\documents and settings\alkazar\мои документы\visual studio 2010\projects\alliedsandboxtest\testproject1\getallusers.webtest" id="e61f1523-eeaf-4379-965b-6c7625b459c1" persistedWebTest="77u/PD94bWwgdmVyc2lvbj0iMS4wIiBlbmNvZGluZz0iVVRGLTgiIHN0YW5kYWxvbmU9InllcyI/Pg0KPFdlYlRlc3QgTmFtZT0iR2V0QWxsVXNlcnMiIElkPSJlNjFmMTUyMy1lZWFmLTQzNzktOTY1Yi02Yzc2MjViNDU5YzEiIE93bmVyPSIiIFByaW9yaXR5PSIyMTQ3NDgzNjQ3IiBFbmFibGVkPSJUcnVlIiBDc3NQcm9qZWN0U3RydWN0dXJlPSIiIENzc0l0ZXJhdGlvbj0iIiBUaW1lb3V0PSIwIiBXb3JrSXRlbUlkcz0iIiB4bWxucz0iaHR0cDovL21pY3Jvc29mdC5jb20vc2NoZW1hcy9WaXN1YWxTdHVkaW8vVGVhbVRlc3QvMjAxMCIgRGVzY3JpcHRpb249IiIgQ3JlZGVudGlhbFVzZXJOYW1lPSIiIENyZWRlbnRpYWxQYXNzd29yZD0iIiBQcmVBdXRoZW50aWNhdGU9IlRydWUiIFByb3h5PSIiIFN0b3BPbkVycm9yPSJGYWxzZSIgUmVjb3JkZWRSZXN1bHRGaWxlPSJHZXRBbGxVc2Vycy5lNTJjODM3My00MWIwLTQyOWItYTRjMy1kZjcxODI3NjBmMWIucmVjLndlYnRlc3RyZXN1bHQiPg0KICA8SXRlbXM+DQogICAgPFJlcXVlc3QgTWV0aG9kPSJQT1NUIiBWZXJzaW9uPSIxLjEiIFVybD0iaHR0cDovLzE5My4yMjYuNjQuMTYzL1NBTkRCT1hXZWJTZXJ2aWNlRGV2L1NlcnZpY2UxLmFzbXgiIFRoaW5rVGltZT0iMCIgVGltZW91dD0iMyIgUGFyc2VEZXBlbmRlbnRSZXF1ZXN0cz0iVHJ1ZSIgRm9sbG93UmVkaXJlY3RzPSJUcnVlIiBSZWNvcmRSZXN1bHQ9IlRydWUiIENhY2hlPSJGYWxzZSIgUmVzcG9uc2VUaW1lR29hbD0iMCIgRW5jb2Rpbmc9InV0Zi04IiBFeHBlY3RlZEh0dHBTdGF0dXNDb2RlPSIwIiBFeHBlY3RlZFJlc3BvbnNlVXJsPSIiIFJlcG9ydGluZ05hbWU9IiI+DQogICAgICA8SGVhZGVycz4NCiAgICAgICAgPEhlYWRlciBOYW1lPSJTT0FQQWN0aW9uIiBWYWx1ZT0iaHR0cDovL3RlbXB1cmkub3JnL0dldEFsbFVzZXJzIiAvPg0KICAgICAgPC9IZWFkZXJzPg0KICAgICAgPFN0cmluZ0h0dHBCb2R5IENvbnRlbnRUeXBlPSJ0ZXh0L3htbCIgSW5zZXJ0Qnl0ZU9yZGVyTWFyaz0iRmFsc2UiPlBBQS9BSGdBYlFCc0FDQUFkZ0JsQUhJQWN3QnBBRzhBYmdBOUFDSUFNUUF1QURBQUlnQWdBR1VBYmdCakFHOEFaQUJwQUc0QVp3QTlBQ0lBZFFCMEFHWUFMUUE0QUNJQVB3QStBQTBBQ2dBOEFITUFid0JoQUhBQU9nQkZBRzRBZGdCbEFHd0Fid0J3QUdVQUlBQjRBRzBBYkFCdUFITUFPZ0I0QUhNQWFRQTlBQ0lBYUFCMEFIUUFjQUE2QUM4QUx3QjNBSGNBZHdBdUFIY0FNd0F1QUc4QWNnQm5BQzhBTWdBd0FEQUFNUUF2QUZnQVRRQk1BRk1BWXdCb0FHVUFiUUJoQUMwQWFRQnVBSE1BZEFCaEFHNEFZd0JsQUNJQUlBQjRBRzBBYkFCdUFITUFPZ0I0QUhNQVpBQTlBQ0lBYUFCMEFIUUFjQUE2QUM4QUx3QjNBSGNBZHdBdUFIY0FNd0F1QUc4QWNnQm5BQzhBTWdBd0FEQUFNUUF2QUZnQVRRQk1BRk1BWXdCb0FHVUFiUUJoQUNJQUlBQjRBRzBBYkFCdUFITUFPZ0J6QUc4QVlRQndBRDBBSWdCb0FIUUFkQUJ3QURvQUx3QXZBSE1BWXdCb0FHVUFiUUJoQUhNQUxnQjRBRzBBYkFCekFHOEFZUUJ3QUM0QWJ3QnlBR2NBTHdCekFHOEFZUUJ3QUM4QVpRQnVBSFlBWlFCc0FHOEFjQUJsQUM4QUlnQStBQTBBQ2dBZ0FDQUFQQUJ6QUc4QVlRQndBRG9BUWdCdkFHUUFlUUErQUEwQUNnQWdBQ0FBSUFBZ0FEd0FSd0JsQUhRQVFRQnNBR3dBVlFCekFHVUFjZ0J6QUNBQWVBQnRBR3dBYmdCekFEMEFJZ0JvQUhRQWRBQndBRG9BTHdBdkFIUUFaUUJ0QUhBQWRRQnlBR2tBTGdCdkFISUFad0F2QUNJQUlBQXZBRDRBRFFBS0FDQUFJQUE4QUM4QWN3QnZBR0VBY0FBNkFFSUFid0JrQUhrQVBnQU5BQW9BUEFBdkFITUFid0JoQUhBQU9nQkZBRzRBZGdCbEFHd0Fid0J3QUdVQVBnQT08L1N0cmluZ0h0dHBCb2R5Pg0KICAgIDwvUmVxdWVzdD4NCiAgPC9JdGVtcz4NCiAgPFZhbGlkYXRpb25SdWxlcz4NCiAgICA8VmFsaWRhdGlvblJ1bGUgQ2xhc3NuYW1lPSJNaWNyb3NvZnQuVmlzdWFsU3R1ZGlvLlRlc3RUb29scy5XZWJUZXN0aW5nLlJ1bGVzLlZhbGlkYXRpb25SdWxlUmVxdWlyZWRUYWcsIE1pY3Jvc29mdC5WaXN1YWxTdHVkaW8uUXVhbGl0eVRvb2xzLldlYlRlc3RGcmFtZXdvcmssIFZlcnNpb249MTAuMC4wLjAsIEN1bHR1cmU9bmV1dHJhbCwgUHVibGljS2V5VG9rZW49YjAzZjVmN2YxMWQ1MGEzYSIgRGlzcGxheU5hbWU9ItCe0LHRj9C30LDRgtC10LvRjNC90YvQuSDRgtC10LMiIERlc2NyaXB0aW9uPSLQn9GA0L7QstC10YDQutCwINGB0YPRidC10YHRgtCy0L7QstCw0L3QuNGPINGD0LrQsNC30LDQvdC90L7Qs9C+IEhUTUwt0YLQtdCz0LAg0LIg0L7RgtCy0LXRgtC1LiIgTGV2ZWw9IkhpZ2giIEV4ZWN0dWlvbk9yZGVyPSJCZWZvcmVEZXBlbmRlbnRzIj4NCiAgICAgIDxSdWxlUGFyYW1ldGVycz4NCiAgICAgICAgPFJ1bGVQYXJhbWV0ZXIgTmFtZT0iUmVxdWlyZWRUYWdOYW1lIiBWYWx1ZT0iVXNlciIgLz4NCiAgICAgICAgPFJ1bGVQYXJhbWV0ZXIgTmFtZT0iTWluT2NjdXJyZW5jZXMiIFZhbHVlPSIxIiAvPg0KICAgICAgPC9SdWxlUGFyYW1ldGVycz4NCiAgICA8L1ZhbGlkYXRpb25SdWxlPg0KICAgIDxWYWxpZGF0aW9uUnVsZSBDbGFzc25hbWU9Ik1pY3Jvc29mdC5WaXN1YWxTdHVkaW8uVGVzdFRvb2xzLldlYlRlc3RpbmcuUnVsZXMuVmFsaWRhdGlvblJ1bGVSZXF1ZXN0VGltZSwgTWljcm9zb2Z0LlZpc3VhbFN0dWRpby5RdWFsaXR5VG9vbHMuV2ViVGVzdEZyYW1ld29yaywgVmVyc2lvbj0xMC4wLjAuMCwgQ3VsdHVyZT1uZXV0cmFsLCBQdWJsaWNLZXlUb2tlbj1iMDNmNWY3ZjExZDUwYTNhIiBEaXNwbGF5TmFtZT0i0JzQsNC60YHQuNC80LDQu9GM0L3QvtC1INCy0YDQtdC80Y8g0LfQsNC/0YDQvtGB0LAiIERlc2NyaXB0aW9uPSLQn9GA0L7QstC10YDQutCwINC30LDQstC10YDRiNC10L3QuNGPINC30LDQv9GA0L7RgdCwINCyINGC0LXRh9C10L3QuNC1INGD0LrQsNC30LDQvdC90L7Qs9C+INCy0YDQtdC80LXQvdC4LiIgTGV2ZWw9IkhpZ2giIEV4ZWN0dWlvbk9yZGVyPSJCZWZvcmVEZXBlbmRlbnRzIj4NCiAgICAgIDxSdWxlUGFyYW1ldGVycz4NCiAgICAgICAgPFJ1bGVQYXJhbWV0ZXIgTmFtZT0iTWF4UmVxdWVzdFRpbWUiIFZhbHVlPSIxMDAwIiAvPg0KICAgICAgPC9SdWxlUGFyYW1ldGVycz4NCiAgICA8L1ZhbGlkYXRpb25SdWxlPg0KICA8L1ZhbGlkYXRpb25SdWxlcz4NCjwvV2ViVGVzdD4=">
      <Execution id="f1afde95-2fb0-4dee-97eb-80640efac253" />
    </WebTest>
  </TestDefinitions>
  <TestLists>
    <TestList name="Отсутствующие в списке результаты" id="8c84fa94-04c1-424b-9868-57a2d4851a1d" />
    <TestList name="Все загруженные результаты" id="19431567-8539-422a-85d7-44ee4e166bda" />
  </TestLists>
  <TestEntries>
    <TestEntry isTransparent="false" testId="e61f1523-eeaf-4379-965b-6c7625b459c1" executionId="f1afde95-2fb0-4dee-97eb-80640efac253" testListId="8c84fa94-04c1-424b-9868-57a2d4851a1d" />
  </TestEntries>
  <Results>
    <WebTestResult executionId="f1afde95-2fb0-4dee-97eb-80640efac253" testId="e61f1523-eeaf-4379-965b-6c7625b459c1" testName="GetAllUsers" computerName="MYCOMPUTER" duration="00:00:01.2734843" startTime="2012-03-30T15:57:44.7500000+03:00" endTime="2012-03-30T15:57:57.1875000+03:00" testType="4e7599fa-5ecb-43e9-a887-cd63cf72d207" outcome="Passed" testListId="8c84fa94-04c1-424b-9868-57a2d4851a1d" relativeResultsDirectory="f1afde95-2fb0-4dee-97eb-80640efac253">
      <ResultFiles>
        <ResultFile path="GetAllUsers.webtestResult" />
      </ResultFiles>
      <TestSettings name="Локальные" id="3e161229-29d7-4c86-b21b-606fedb78d38">
        <Description>Это - параметры по умолчанию для локального тестового запуска.</Description>
        <Execution>
          <TestTypeSpecific>
            <WebTestRunConfiguration testTypeId="4e7599fa-5ecb-43e9-a887-cd63cf72d207">
              <Browser name="Internet Explorer 7.0">
                <Headers>
                  <Header name="User-Agent" value="Mozilla/4.0 (compatible; MSIE 7.0; Windows NT 5.1)" />
                  <Header name="Accept" value="*/*" />
                  <Header name="Accept-Language" value="{{$IEAcceptLanguage}}" />
                  <Header name="Accept-Encoding" value="GZIP" />
                </Headers>
              </Browser>
            </WebTestRunConfiguration>
          </TestTypeSpecific>
          <AgentRule name="Execution Agents">
          </AgentRule>
        </Execution>
        <Deployment runDeploymentRoot="Alkazar_MYCOMPUTER 2012-03-30 15_57_42" />
      </TestSettings>
      <WebTestResultFilePath>Alkazar_MYCOMPUTER 2012-03-30 15_57_42\In\f1afde95-2fb0-4dee-97eb-80640efac253\GetAllUsers.webtestResult</WebTestResultFilePath>
    </WebTestResult>
  </Results>
</TestRun>