<?xml version="1.0" encoding="UTF-8"?>
<TestRun id="3bced008-7d9c-4e5c-905f-2797022a3f94" name="Alkazar@MYCOMPUTER 2012-03-30 15:56:02" runUser="MYCOMPUTER\Alkazar" xmlns="http://microsoft.com/schemas/VisualStudio/TeamTest/2010">
  <TestSettings name="Локальные" id="3e161229-29d7-4c86-b21b-606fedb78d38">
    <Description>Это - параметры по умолчанию для локального тестового запуска.</Description>
    <Execution>
      <TestTypeSpecific />
      <AgentRule name="Execution Agents">
      </AgentRule>
    </Execution>
    <Deployment runDeploymentRoot="Alkazar_MYCOMPUTER 2012-03-30 15_56_02" />
  </TestSettings>
  <Times creation="2012-03-30T15:56:02.7343750+03:00" queuing="2012-03-30T15:56:03.7343750+03:00" start="2012-03-30T15:56:04.4843750+03:00" finish="2012-03-30T15:56:17.4531250+03:00" />
  <ResultSummary outcome="Failed">
    <Counters total="1" executed="1" error="0" failed="1" timeout="0" aborted="0" inconclusive="0" passedButRunAborted="0" notRunnable="0" notExecuted="0" disconnected="0" warning="0" passed="0" completed="0" inProgress="0" pending="0" />
  </ResultSummary>
  <TestDefinitions>
    <WebTest name="GetAllAuthors" storage="c:\documents and settings\alkazar\мои документы\visual studio 2010\projects\alliedsandboxtest\testproject1\getallauthors.webtest" id="868a247e-ecda-497c-8b67-6bc0258a97c1" persistedWebTest="77u/PD94bWwgdmVyc2lvbj0iMS4wIiBlbmNvZGluZz0iVVRGLTgiIHN0YW5kYWxvbmU9InllcyI/Pg0KPFdlYlRlc3QgTmFtZT0iR2V0QWxsQXV0aG9ycyIgSWQ9Ijg2OGEyNDdlLWVjZGEtNDk3Yy04YjY3LTZiYzAyNThhOTdjMSIgT3duZXI9IiIgUHJpb3JpdHk9IjIxNDc0ODM2NDciIEVuYWJsZWQ9IlRydWUiIENzc1Byb2plY3RTdHJ1Y3R1cmU9IiIgQ3NzSXRlcmF0aW9uPSIiIFRpbWVvdXQ9IjAiIFdvcmtJdGVtSWRzPSIiIHhtbG5zPSJodHRwOi8vbWljcm9zb2Z0LmNvbS9zY2hlbWFzL1Zpc3VhbFN0dWRpby9UZWFtVGVzdC8yMDEwIiBEZXNjcmlwdGlvbj0iIiBDcmVkZW50aWFsVXNlck5hbWU9IiIgQ3JlZGVudGlhbFBhc3N3b3JkPSIiIFByZUF1dGhlbnRpY2F0ZT0iVHJ1ZSIgUHJveHk9IiIgU3RvcE9uRXJyb3I9IkZhbHNlIiBSZWNvcmRlZFJlc3VsdEZpbGU9IldlYlRlc3QxLjljYTRlNzI3LThjMTEtNDhiNi1iNDBiLTlkOTA4ZTNkZmI5ZS5yZWMud2VidGVzdHJlc3VsdCI+DQogIDxJdGVtcz4NCiAgICA8UmVxdWVzdCBNZXRob2Q9IlBPU1QiIFZlcnNpb249IjEuMSIgVXJsPSJodHRwOi8vMTkzLjIyNi42NC4xNjMvU0FOREJPWFdlYlNlcnZpY2VEZXYvU2VydmljZTEuYXNteCIgVGhpbmtUaW1lPSIwIiBUaW1lb3V0PSIzIiBQYXJzZURlcGVuZGVudFJlcXVlc3RzPSJUcnVlIiBGb2xsb3dSZWRpcmVjdHM9IlRydWUiIFJlY29yZFJlc3VsdD0iVHJ1ZSIgQ2FjaGU9IkZhbHNlIiBSZXNwb25zZVRpbWVHb2FsPSIwIiBFbmNvZGluZz0idXRmLTgiIEV4cGVjdGVkSHR0cFN0YXR1c0NvZGU9IjAiIEV4cGVjdGVkUmVzcG9uc2VVcmw9IiIgUmVwb3J0aW5nTmFtZT0iIj4NCiAgICAgIDxIZWFkZXJzPg0KICAgICAgICA8SGVhZGVyIE5hbWU9IlNPQVBBY3Rpb24iIFZhbHVlPSJodHRwOi8vdGVtcHVyaS5vcmcvR2V0QWxsQXV0aG9ycyIgLz4NCiAgICAgIDwvSGVhZGVycz4NCiAgICAgIDxTdHJpbmdIdHRwQm9keSBDb250ZW50VHlwZT0idGV4dC94bWwiIEluc2VydEJ5dGVPcmRlck1hcms9IkZhbHNlIj5QQUEvQUhnQWJRQnNBQ0FBZGdCbEFISUFjd0JwQUc4QWJnQTlBQ0lBTVFBdUFEQUFJZ0FnQUdVQWJnQmpBRzhBWkFCcEFHNEFad0E5QUNJQWRRQjBBR1lBTFFBNEFDSUFQd0ErQUEwQUNnQThBSE1BYndCaEFIQUFPZ0JGQUc0QWRnQmxBR3dBYndCd0FHVUFJQUI0QUcwQWJBQnVBSE1BT2dCNEFITUFhUUE5QUNJQWFBQjBBSFFBY0FBNkFDOEFMd0IzQUhjQWR3QXVBSGNBTXdBdUFHOEFjZ0JuQUM4QU1nQXdBREFBTVFBdkFGZ0FUUUJNQUZNQVl3Qm9BR1VBYlFCaEFDMEFhUUJ1QUhNQWRBQmhBRzRBWXdCbEFDSUFJQUI0QUcwQWJBQnVBSE1BT2dCNEFITUFaQUE5QUNJQWFBQjBBSFFBY0FBNkFDOEFMd0IzQUhjQWR3QXVBSGNBTXdBdUFHOEFjZ0JuQUM4QU1nQXdBREFBTVFBdkFGZ0FUUUJNQUZNQVl3Qm9BR1VBYlFCaEFDSUFJQUI0QUcwQWJBQnVBSE1BT2dCekFHOEFZUUJ3QUQwQUlnQm9BSFFBZEFCd0FEb0FMd0F2QUhNQVl3Qm9BR1VBYlFCaEFITUFMZ0I0QUcwQWJBQnpBRzhBWVFCd0FDNEFid0J5QUdjQUx3QnpBRzhBWVFCd0FDOEFaUUJ1QUhZQVpRQnNBRzhBY0FCbEFDOEFJZ0ErQUEwQUNnQWdBQ0FBUEFCekFHOEFZUUJ3QURvQVFnQnZBR1FBZVFBK0FBMEFDZ0FnQUNBQUlBQWdBRHdBUndCbEFIUUFRUUJzQUd3QVFRQjFBSFFBYUFCdkFISUFjd0FnQUhnQWJRQnNBRzRBY3dBOUFDSUFhQUIwQUhRQWNBQTZBQzhBTHdCMEFHVUFiUUJ3QUhVQWNnQnBBQzRBYndCeUFHY0FMd0FpQUNBQUx3QStBQTBBQ2dBZ0FDQUFQQUF2QUhNQWJ3QmhBSEFBT2dCQ0FHOEFaQUI1QUQ0QURRQUtBRHdBTHdCekFHOEFZUUJ3QURvQVJRQnVBSFlBWlFCc0FHOEFjQUJsQUQ0QTwvU3RyaW5nSHR0cEJvZHk+DQogICAgPC9SZXF1ZXN0Pg0KICA8L0l0ZW1zPg0KICA8VmFsaWRhdGlvblJ1bGVzPg0KICAgIDxWYWxpZGF0aW9uUnVsZSBDbGFzc25hbWU9Ik1pY3Jvc29mdC5WaXN1YWxTdHVkaW8uVGVzdFRvb2xzLldlYlRlc3RpbmcuUnVsZXMuVmFsaWRhdGlvblJ1bGVSZXF1aXJlZFRhZywgTWljcm9zb2Z0LlZpc3VhbFN0dWRpby5RdWFsaXR5VG9vbHMuV2ViVGVzdEZyYW1ld29yaywgVmVyc2lvbj0xMC4wLjAuMCwgQ3VsdHVyZT1uZXV0cmFsLCBQdWJsaWNLZXlUb2tlbj1iMDNmNWY3ZjExZDUwYTNhIiBEaXNwbGF5TmFtZT0i0J7QsdGP0LfQsNGC0LXQu9GM0L3Ri9C5INGC0LXQsyIgRGVzY3JpcHRpb249ItCf0YDQvtCy0LXRgNC60LAg0YHRg9GJ0LXRgdGC0LLQvtCy0LDQvdC40Y8g0YPQutCw0LfQsNC90L3QvtCz0L4gSFRNTC3RgtC10LPQsCDQsiDQvtGC0LLQtdGC0LUuIiBMZXZlbD0iSGlnaCIgRXhlY3R1aW9uT3JkZXI9IkJlZm9yZURlcGVuZGVudHMiPg0KICAgICAgPFJ1bGVQYXJhbWV0ZXJzPg0KICAgICAgICA8UnVsZVBhcmFtZXRlciBOYW1lPSJSZXF1aXJlZFRhZ05hbWUiIFZhbHVlPSImbHQ7QXV0aG9yJmd0OyIgLz4NCiAgICAgICAgPFJ1bGVQYXJhbWV0ZXIgTmFtZT0iTWluT2NjdXJyZW5jZXMiIFZhbHVlPSIxIiAvPg0KICAgICAgPC9SdWxlUGFyYW1ldGVycz4NCiAgICA8L1ZhbGlkYXRpb25SdWxlPg0KICAgIDxWYWxpZGF0aW9uUnVsZSBDbGFzc25hbWU9Ik1pY3Jvc29mdC5WaXN1YWxTdHVkaW8uVGVzdFRvb2xzLldlYlRlc3RpbmcuUnVsZXMuVmFsaWRhdGlvblJ1bGVSZXF1ZXN0VGltZSwgTWljcm9zb2Z0LlZpc3VhbFN0dWRpby5RdWFsaXR5VG9vbHMuV2ViVGVzdEZyYW1ld29yaywgVmVyc2lvbj0xMC4wLjAuMCwgQ3VsdHVyZT1uZXV0cmFsLCBQdWJsaWNLZXlUb2tlbj1iMDNmNWY3ZjExZDUwYTNhIiBEaXNwbGF5TmFtZT0i0JzQsNC60YHQuNC80LDQu9GM0L3QvtC1INCy0YDQtdC80Y8g0LfQsNC/0YDQvtGB0LAiIERlc2NyaXB0aW9uPSLQn9GA0L7QstC10YDQutCwINC30LDQstC10YDRiNC10L3QuNGPINC30LDQv9GA0L7RgdCwINCyINGC0LXRh9C10L3QuNC1INGD0LrQsNC30LDQvdC90L7Qs9C+INCy0YDQtdC80LXQvdC4LiIgTGV2ZWw9IkhpZ2giIEV4ZWN0dWlvbk9yZGVyPSJCZWZvcmVEZXBlbmRlbnRzIj4NCiAgICAgIDxSdWxlUGFyYW1ldGVycz4NCiAgICAgICAgPFJ1bGVQYXJhbWV0ZXIgTmFtZT0iTWF4UmVxdWVzdFRpbWUiIFZhbHVlPSIxMDAwIiAvPg0KICAgICAgPC9SdWxlUGFyYW1ldGVycz4NCiAgICA8L1ZhbGlkYXRpb25SdWxlPg0KICA8L1ZhbGlkYXRpb25SdWxlcz4NCjwvV2ViVGVzdD4=">
      <Execution id="8fc76cee-2535-4a3f-aed1-a91b4ba56221" />
    </WebTest>
  </TestDefinitions>
  <TestLists>
    <TestList name="Отсутствующие в списке результаты" id="8c84fa94-04c1-424b-9868-57a2d4851a1d" />
    <TestList name="Все загруженные результаты" id="19431567-8539-422a-85d7-44ee4e166bda" />
  </TestLists>
  <TestEntries>
    <TestEntry isTransparent="false" testId="868a247e-ecda-497c-8b67-6bc0258a97c1" executionId="8fc76cee-2535-4a3f-aed1-a91b4ba56221" testListId="8c84fa94-04c1-424b-9868-57a2d4851a1d" />
  </TestEntries>
  <Results>
    <WebTestResult executionId="8fc76cee-2535-4a3f-aed1-a91b4ba56221" testId="868a247e-ecda-497c-8b67-6bc0258a97c1" testName="GetAllAuthors" computerName="MYCOMPUTER" duration="00:00:01.4708397" startTime="2012-03-30T15:56:04.6562500+03:00" endTime="2012-03-30T15:56:17.3437500+03:00" testType="4e7599fa-5ecb-43e9-a887-cd63cf72d207" outcome="Failed" testListId="8c84fa94-04c1-424b-9868-57a2d4851a1d" relativeResultsDirectory="8fc76cee-2535-4a3f-aed1-a91b4ba56221">
      <Output>
        <ErrorInfo>
          <Message>1 первичных запросов, 0 зависимых запросов и 0 условных правил завершились сбоем</Message>
        </ErrorInfo>
      </Output>
      <ResultFiles>
        <ResultFile path="GetAllAuthors.webtestResult" />
      </ResultFiles>
      <TestSettings name="Локальные" id="3e161229-29d7-4c86-b21b-606fedb78d38">
        <Description>Это - параметры по умолчанию для локального тестового запуска.</Description>
        <Execution>
          <TestTypeSpecific>
            <WebTestRunConfiguration testTypeId="4e7599fa-5ecb-43e9-a887-cd63cf72d207">
              <Browser name="Internet Explorer 7.0">
                <Headers>
                  <Header name="User-Agent" value="Mozilla/4.0 (compatible; MSIE 7.0; Windows NT 5.1)" />
                  <Header name="Accept" value="*/*" />
                  <Header name="Accept-Language" value="{{$IEAcceptLanguage}}" />
                  <Header name="Accept-Encoding" value="GZIP" />
                </Headers>
              </Browser>
            </WebTestRunConfiguration>
          </TestTypeSpecific>
          <AgentRule name="Execution Agents">
          </AgentRule>
        </Execution>
        <Deployment runDeploymentRoot="Alkazar_MYCOMPUTER 2012-03-30 15_56_02" />
      </TestSettings>
      <WebTestResultFilePath>Alkazar_MYCOMPUTER 2012-03-30 15_56_02\In\8fc76cee-2535-4a3f-aed1-a91b4ba56221\GetAllAuthors.webtestResult</WebTestResultFilePath>
    </WebTestResult>
  </Results>
</TestRun>