<?xml version="1.0" encoding="UTF-8"?>
<TestRun id="28863365-e7e1-43a9-b400-6416ba6d5a92" name="Alkazar@MYCOMPUTER 2012-03-30 15:13:34" runUser="MYCOMPUTER\Alkazar" xmlns="http://microsoft.com/schemas/VisualStudio/TeamTest/2010">
  <TestSettings name="Локальные" id="3e161229-29d7-4c86-b21b-606fedb78d38">
    <Description>Это - параметры по умолчанию для локального тестового запуска.</Description>
    <Deployment enabled="false" runDeploymentRoot="Alkazar_MYCOMPUTER 2012-03-30 15_13_34" />
    <Execution>
      <TestTypeSpecific />
      <AgentRule name="Execution Agents">
      </AgentRule>
    </Execution>
  </TestSettings>
  <Times creation="2012-03-30T15:13:34.3125000+03:00" queuing="2012-03-30T15:13:34.4531250+03:00" start="2012-03-30T15:13:34.5625000+03:00" finish="2012-03-30T15:13:45.3593750+03:00" />
  <ResultSummary outcome="Completed">
    <Counters total="1" executed="1" passed="1" error="0" failed="0" timeout="0" aborted="0" inconclusive="0" passedButRunAborted="0" notRunnable="0" notExecuted="0" disconnected="0" warning="0" completed="0" inProgress="0" pending="0" />
  </ResultSummary>
  <TestDefinitions>
    <UnitTest name="GUI_AddAuthor" storage="c:\documents and settings\alkazar\мои документы\visual studio 2010\projects\alliedsandboxtest\testproject1\bin\release\testproject1.dll" id="b055c28a-e401-7fd3-0284-9eba4602c95d">
      <Execution id="4cd46ee4-5e66-4d7b-be19-479459e5c95d" />
      <TestMethod codeBase="C:/Documents and Settings/Alkazar/мои документы/visual studio 2010/Projects/AlliedSandboxTest/TestProject1/bin/Release/TestProject1.DLL" adapterTypeName="Microsoft.VisualStudio.TestTools.TestTypes.Unit.UnitTestAdapter, Microsoft.VisualStudio.QualityTools.Tips.UnitTest.Adapter, Version=10.0.0.0, Culture=neutral, PublicKeyToken=b03f5f7f11d50a3a" className="TestProject1.GUITest, TestProject1, Version=1.0.0.0, Culture=neutral, PublicKeyToken=null" name="GUI_AddAuthor" />
      <Extension>Microsoft.VisualStudio.TestTools.UITesting.CodedUITestAttribute, Microsoft.VisualStudio.QualityTools.CodedUITestFramework, Version=10.0.0.0, Culture=neutral, PublicKeyToken=b03f5f7f11d50a3a</Extension>
    </UnitTest>
  </TestDefinitions>
  <TestLists>
    <TestList name="Отсутствующие в списке результаты" id="8c84fa94-04c1-424b-9868-57a2d4851a1d" />
    <TestList name="Все загруженные результаты" id="19431567-8539-422a-85d7-44ee4e166bda" />
  </TestLists>
  <TestEntries>
    <TestEntry testId="b055c28a-e401-7fd3-0284-9eba4602c95d" executionId="4cd46ee4-5e66-4d7b-be19-479459e5c95d" testListId="8c84fa94-04c1-424b-9868-57a2d4851a1d" />
  </TestEntries>
  <Results>
    <UnitTestResult executionId="4cd46ee4-5e66-4d7b-be19-479459e5c95d" testId="b055c28a-e401-7fd3-0284-9eba4602c95d" testName="GUI_AddAuthor" computerName="MYCOMPUTER" duration="00:00:09.2802447" startTime="2012-03-30T15:13:34.5625000+03:00" endTime="2012-03-30T15:13:45.2500000+03:00" testType="13cdc9d9-ddb5-4fa4-a97d-d965ccfc6d4b" outcome="Passed" testListId="8c84fa94-04c1-424b-9868-57a2d4851a1d" relativeResultsDirectory="4cd46ee4-5e66-4d7b-be19-479459e5c95d">
    </UnitTestResult>
  </Results>
</TestRun>